<?xml version="1.0" encoding="UTF-8"?>
<testng-results ignored="0" total="1" passed="1" failed="0" skipped="0">
  <reporter-output>
  </reporter-output>
  <suite started-at="2022-04-08T23:59:42 GMT-07:00" name="Default suite" finished-at="2022-04-09T00:00:47 GMT-07:00" duration-ms="65365">
    <groups>
    </groups>
    <test started-at="2022-04-08T23:59:42 GMT-07:00" name="Default test" finished-at="2022-04-09T00:00:47 GMT-07:00" duration-ms="65365">
      <class name="testlayer.logintest">
        <test-method is-config="true" signature="setup()[pri:0, instance:testlayer.logintest@21e360a]" started-at="2022-04-08T23:59:42 GMT-07:00" name="setup" finished-at="2022-04-09T00:00:41 GMT-07:00" duration-ms="59424" status="PASS">
          <reporter-output>
          </reporter-output>
        </test-method> <!-- setup -->
        <test-method signature="init()[pri:0, instance:testlayer.logintest@21e360a]" started-at="2022-04-09T00:00:41 GMT-07:00" name="init" finished-at="2022-04-09T00:00:45 GMT-07:00" duration-ms="3786" status="PASS">
          <reporter-output>
          </reporter-output>
        </test-method> <!-- init -->
        <test-method is-config="true" signature="tearDown()[pri:0, instance:testlayer.logintest@21e360a]" started-at="2022-04-09T00:00:45 GMT-07:00" name="tearDown" finished-at="2022-04-09T00:00:47 GMT-07:00" duration-ms="2032" status="PASS">
          <reporter-output>
          </reporter-output>
        </test-method> <!-- tearDown -->
      </class> <!-- testlayer.logintest -->
    </test> <!-- Default test -->
  </suite> <!-- Default suite -->
</testng-results>
